[10-Apr-2021 00:41:48 Europe/Berlin] PHP Warning:  Use of undefined constant d - assumed 'd' (this will throw an Error in a future version of PHP) in C:\xampp\htdocs\listaTelefonica\logar.php on line 5
[10-Apr-2021 00:43:14 Europe/Berlin] PHP Fatal error:  Uncaught Exception: Metodo indexRedirect não encontrado ou existente.   in C:\xampp\htdocs\listaTelefonica\Lib\Application.php:34
Stack trace:
#0 C:\xampp\htdocs\listaTelefonica\index.php(5): Application->importarController()
#1 {main}
  thrown in C:\xampp\htdocs\listaTelefonica\Lib\Application.php on line 34
[10-Apr-2021 00:43:17 Europe/Berlin] PHP Notice:  session_start(): A session had already been started - ignoring in C:\xampp\htdocs\listaTelefonica\Controllers\UsuarioController.php on line 14
[10-Apr-2021 00:43:36 Europe/Berlin] PHP Notice:  session_start(): A session had already been started - ignoring in C:\xampp\htdocs\listaTelefonica\Controllers\UsuarioController.php on line 14
[10-Apr-2021 00:45:22 Europe/Berlin] PHP Notice:  session_start(): A session had already been started - ignoring in C:\xampp\htdocs\listaTelefonica\Controllers\UsuarioController.php on line 14
[10-Apr-2021 00:46:21 Europe/Berlin] PHP Parse error:  syntax error, unexpected 'session_start' (T_STRING) in C:\xampp\htdocs\listaTelefonica\Controllers\UsuarioController.php on line 4
[10-Apr-2021 00:46:28 Europe/Berlin] PHP Parse error:  syntax error, unexpected 'session_start' (T_STRING) in C:\xampp\htdocs\listaTelefonica\Controllers\UsuarioController.php on line 4
[10-Apr-2021 00:49:59 Europe/Berlin] PHP Fatal error:  Uncaught Exception: ERROR: Arquivo: logar.php não foi encontrado ou não existe. in C:\xampp\htdocs\listaTelefonica\Lib\View.php:41
Stack trace:
#0 C:\xampp\htdocs\listaTelefonica\Lib\View.php(11): View->setHtmlFile('logar.php')
#1 C:\xampp\htdocs\listaTelefonica\Controllers\UsuarioController.php(14): View->__construct('logar.php')
#2 C:\xampp\htdocs\listaTelefonica\Lib\Application.php(32): UsuarioController->logarUsuario()
#3 C:\xampp\htdocs\listaTelefonica\index.php(5): Application->importarController()
#4 {main}
  thrown in C:\xampp\htdocs\listaTelefonica\Lib\View.php on line 41
[10-Apr-2021 00:50:34 Europe/Berlin] PHP Fatal error:  Uncaught Exception: ERROR: Arquivo: logar.php não foi encontrado ou não existe. in C:\xampp\htdocs\listaTelefonica\Lib\View.php:41
Stack trace:
#0 C:\xampp\htdocs\listaTelefonica\Lib\View.php(11): View->setHtmlFile('logar.php')
#1 C:\xampp\htdocs\listaTelefonica\Controllers\UsuarioController.php(14): View->__construct('logar.php')
#2 C:\xampp\htdocs\listaTelefonica\Lib\Application.php(32): UsuarioController->logarUsuario()
#3 C:\xampp\htdocs\listaTelefonica\index.php(5): Application->importarController()
#4 {main}
  thrown in C:\xampp\htdocs\listaTelefonica\Lib\View.php on line 41
[10-Apr-2021 00:50:49 Europe/Berlin] PHP Fatal error:  Uncaught Exception: ERROR: Arquivo: logar.php não foi encontrado ou não existe. in C:\xampp\htdocs\listaTelefonica\Lib\View.php:41
Stack trace:
#0 C:\xampp\htdocs\listaTelefonica\Lib\View.php(11): View->setHtmlFile('logar.php')
#1 C:\xampp\htdocs\listaTelefonica\Controllers\UsuarioController.php(14): View->__construct('logar.php')
#2 C:\xampp\htdocs\listaTelefonica\Lib\Application.php(32): UsuarioController->logarUsuario()
#3 C:\xampp\htdocs\listaTelefonica\index.php(5): Application->importarController()
#4 {main}
  thrown in C:\xampp\htdocs\listaTelefonica\Lib\View.php on line 41
[10-Apr-2021 00:53:54 Europe/Berlin] PHP Fatal error:  Uncaught Exception: ERROR: Arquivo: logar.php não foi encontrado ou não existe. in C:\xampp\htdocs\listaTelefonica\Lib\View.php:41
Stack trace:
#0 C:\xampp\htdocs\listaTelefonica\Lib\View.php(11): View->setHtmlFile('logar.php')
#1 C:\xampp\htdocs\listaTelefonica\Controllers\UsuarioController.php(13): View->__construct('logar.php')
#2 C:\xampp\htdocs\listaTelefonica\Lib\Application.php(32): UsuarioController->logarUsuario()
#3 C:\xampp\htdocs\listaTelefonica\index.php(5): Application->importarController()
#4 {main}
  thrown in C:\xampp\htdocs\listaTelefonica\Lib\View.php on line 41
[10-Apr-2021 00:53:56 Europe/Berlin] PHP Fatal error:  Uncaught Exception: ERROR: Arquivo: logar.php não foi encontrado ou não existe. in C:\xampp\htdocs\listaTelefonica\Lib\View.php:41
Stack trace:
#0 C:\xampp\htdocs\listaTelefonica\Lib\View.php(11): View->setHtmlFile('logar.php')
#1 C:\xampp\htdocs\listaTelefonica\Controllers\UsuarioController.php(13): View->__construct('logar.php')
#2 C:\xampp\htdocs\listaTelefonica\Lib\Application.php(32): UsuarioController->logarUsuario()
#3 C:\xampp\htdocs\listaTelefonica\index.php(5): Application->importarController()
#4 {main}
  thrown in C:\xampp\htdocs\listaTelefonica\Lib\View.php on line 41
[10-Apr-2021 00:54:18 Europe/Berlin] PHP Fatal error:  Uncaught Exception: ERROR: Arquivo: logar.php não foi encontrado ou não existe. in C:\xampp\htdocs\listaTelefonica\Lib\View.php:41
Stack trace:
#0 C:\xampp\htdocs\listaTelefonica\Lib\View.php(11): View->setHtmlFile('logar.php')
#1 C:\xampp\htdocs\listaTelefonica\Controllers\UsuarioController.php(13): View->__construct('logar.php')
#2 C:\xampp\htdocs\listaTelefonica\Lib\Application.php(32): UsuarioController->logarUsuario()
#3 C:\xampp\htdocs\listaTelefonica\index.php(5): Application->importarController()
#4 {main}
  thrown in C:\xampp\htdocs\listaTelefonica\Lib\View.php on line 41
[10-Apr-2021 00:54:20 Europe/Berlin] PHP Fatal error:  Uncaught Exception: ERROR: Arquivo: logar.php não foi encontrado ou não existe. in C:\xampp\htdocs\listaTelefonica\Lib\View.php:41
Stack trace:
#0 C:\xampp\htdocs\listaTelefonica\Lib\View.php(11): View->setHtmlFile('logar.php')
#1 C:\xampp\htdocs\listaTelefonica\Controllers\UsuarioController.php(13): View->__construct('logar.php')
#2 C:\xampp\htdocs\listaTelefonica\Lib\Application.php(32): UsuarioController->logarUsuario()
#3 C:\xampp\htdocs\listaTelefonica\index.php(5): Application->importarController()
#4 {main}
  thrown in C:\xampp\htdocs\listaTelefonica\Lib\View.php on line 41
[10-Apr-2021 00:54:41 Europe/Berlin] PHP Fatal error:  Uncaught Exception: ERROR: Arquivo: logar.php não foi encontrado ou não existe. in C:\xampp\htdocs\listaTelefonica\Lib\View.php:41
Stack trace:
#0 C:\xampp\htdocs\listaTelefonica\Lib\View.php(11): View->setHtmlFile('logar.php')
#1 C:\xampp\htdocs\listaTelefonica\Controllers\UsuarioController.php(13): View->__construct('logar.php')
#2 C:\xampp\htdocs\listaTelefonica\Lib\Application.php(32): UsuarioController->logarUsuario()
#3 C:\xampp\htdocs\listaTelefonica\index.php(5): Application->importarController()
#4 {main}
  thrown in C:\xampp\htdocs\listaTelefonica\Lib\View.php on line 41
[10-Apr-2021 00:56:51 Europe/Berlin] PHP Fatal error:  Uncaught Exception: ERROR: Arquivo: logar.php não foi encontrado ou não existe. in C:\xampp\htdocs\listaTelefonica\Lib\View.php:41
Stack trace:
#0 C:\xampp\htdocs\listaTelefonica\Lib\View.php(11): View->setHtmlFile('logar.php')
#1 C:\xampp\htdocs\listaTelefonica\Controllers\UsuarioController.php(13): View->__construct('logar.php')
#2 C:\xampp\htdocs\listaTelefonica\Lib\Application.php(32): UsuarioController->logarUsuario()
#3 C:\xampp\htdocs\listaTelefonica\index.php(5): Application->importarController()
#4 {main}
  thrown in C:\xampp\htdocs\listaTelefonica\Lib\View.php on line 41
[10-Apr-2021 00:57:50 Europe/Berlin] PHP Notice:  session_start(): A session had already been started - ignoring in C:\xampp\htdocs\listaTelefonica\Controllers\UsuarioController.php on line 14
[10-Apr-2021 00:58:01 Europe/Berlin] PHP Fatal error:  Uncaught Exception: ERROR: Arquivo: login.php não foi encontrado ou não existe. in C:\xampp\htdocs\listaTelefonica\Lib\View.php:41
Stack trace:
#0 C:\xampp\htdocs\listaTelefonica\Lib\View.php(11): View->setHtmlFile('login.php')
#1 C:\xampp\htdocs\listaTelefonica\Controllers\UsuarioController.php(13): View->__construct('login.php')
#2 C:\xampp\htdocs\listaTelefonica\Lib\Application.php(32): UsuarioController->logarUsuario()
#3 C:\xampp\htdocs\listaTelefonica\index.php(5): Application->importarController()
#4 {main}
  thrown in C:\xampp\htdocs\listaTelefonica\Lib\View.php on line 41
[10-Apr-2021 00:58:11 Europe/Berlin] PHP Notice:  session_start(): A session had already been started - ignoring in C:\xampp\htdocs\listaTelefonica\Controllers\UsuarioController.php on line 14
[10-Apr-2021 00:58:59 Europe/Berlin] PHP Notice:  session_start(): A session had already been started - ignoring in C:\xampp\htdocs\listaTelefonica\Controllers\UsuarioController.php on line 15
[10-Apr-2021 00:59:53 Europe/Berlin] PHP Notice:  session_start(): A session had already been started - ignoring in C:\xampp\htdocs\listaTelefonica\Controllers\UsuarioController.php on line 15
[10-Apr-2021 01:01:36 Europe/Berlin] PHP Notice:  session_start(): A session had already been started - ignoring in C:\xampp\htdocs\listaTelefonica\Controllers\UsuarioController.php on line 14
[10-Apr-2021 01:01:38 Europe/Berlin] PHP Notice:  session_start(): A session had already been started - ignoring in C:\xampp\htdocs\listaTelefonica\Controllers\UsuarioController.php on line 14
[10-Apr-2021 01:01:59 Europe/Berlin] PHP Notice:  session_start(): A session had already been started - ignoring in C:\xampp\htdocs\listaTelefonica\Controllers\UsuarioController.php on line 14
[10-Apr-2021 01:02:13 Europe/Berlin] PHP Notice:  session_start(): A session had already been started - ignoring in C:\xampp\htdocs\listaTelefonica\Controllers\UsuarioController.php on line 14
[10-Apr-2021 01:02:14 Europe/Berlin] PHP Notice:  session_start(): A session had already been started - ignoring in C:\xampp\htdocs\listaTelefonica\Controllers\UsuarioController.php on line 14
[10-Apr-2021 01:02:14 Europe/Berlin] PHP Notice:  session_start(): A session had already been started - ignoring in C:\xampp\htdocs\listaTelefonica\Controllers\UsuarioController.php on line 14
[10-Apr-2021 01:02:15 Europe/Berlin] PHP Notice:  session_start(): A session had already been started - ignoring in C:\xampp\htdocs\listaTelefonica\Controllers\UsuarioController.php on line 14
[10-Apr-2021 01:02:16 Europe/Berlin] PHP Notice:  session_start(): A session had already been started - ignoring in C:\xampp\htdocs\listaTelefonica\Controllers\UsuarioController.php on line 14
[10-Apr-2021 01:02:16 Europe/Berlin] PHP Notice:  session_start(): A session had already been started - ignoring in C:\xampp\htdocs\listaTelefonica\Controllers\UsuarioController.php on line 14
[10-Apr-2021 01:02:16 Europe/Berlin] PHP Notice:  session_start(): A session had already been started - ignoring in C:\xampp\htdocs\listaTelefonica\Controllers\UsuarioController.php on line 14
[10-Apr-2021 01:02:16 Europe/Berlin] PHP Notice:  session_start(): A session had already been started - ignoring in C:\xampp\htdocs\listaTelefonica\Controllers\UsuarioController.php on line 14
[10-Apr-2021 01:02:17 Europe/Berlin] PHP Notice:  session_start(): A session had already been started - ignoring in C:\xampp\htdocs\listaTelefonica\Controllers\UsuarioController.php on line 14
[10-Apr-2021 01:04:05 Europe/Berlin] PHP Notice:  session_start(): A session had already been started - ignoring in C:\xampp\htdocs\listaTelefonica\Controllers\UsuarioController.php on line 14
[10-Apr-2021 01:04:59 Europe/Berlin] PHP Notice:  session_start(): A session had already been started - ignoring in C:\xampp\htdocs\listaTelefonica\Controllers\UsuarioController.php on line 14
[10-Apr-2021 01:06:54 Europe/Berlin] PHP Warning:  session_destroy(): Trying to destroy uninitialized session in C:\xampp\htdocs\listaTelefonica\Controllers\UsuarioController.php on line 62
[10-Apr-2021 01:17:11 Europe/Berlin] PHP Warning:  session_destroy(): Trying to destroy uninitialized session in C:\xampp\htdocs\listaTelefonica\Controllers\UsuarioController.php on line 71
[10-Apr-2021 01:20:01 Europe/Berlin] PHP Fatal error:  Uncaught Exception: ERROR: Arquivo: s.php não foi encontrado ou não existe. in C:\xampp\htdocs\listaTelefonica\Lib\View.php:41
Stack trace:
#0 C:\xampp\htdocs\listaTelefonica\Lib\View.php(11): View->setHtmlFile('s.php')
#1 C:\xampp\htdocs\listaTelefonica\Controllers\UsuarioController.php(15): View->__construct('s.php')
#2 C:\xampp\htdocs\listaTelefonica\Lib\Application.php(32): UsuarioController->logarUsuario()
#3 C:\xampp\htdocs\listaTelefonica\index.php(5): Application->importarController()
#4 {main}
  thrown in C:\xampp\htdocs\listaTelefonica\Lib\View.php on line 41
[10-Apr-2021 01:26:12 Europe/Berlin] PHP Parse error:  syntax error, unexpected '}', expecting ';' or ',' in C:\xampp\htdocs\listaTelefonica\login.php on line 6
[10-Apr-2021 01:27:39 Europe/Berlin] PHP Warning:  session_destroy(): Trying to destroy uninitialized session in C:\xampp\htdocs\listaTelefonica\Controllers\UsuarioController.php on line 72
[10-Apr-2021 01:27:48 Europe/Berlin] PHP Warning:  session_destroy(): Trying to destroy uninitialized session in C:\xampp\htdocs\listaTelefonica\Controllers\UsuarioController.php on line 72
[10-Apr-2021 01:32:33 Europe/Berlin] PHP Warning:  session_destroy(): Trying to destroy uninitialized session in C:\xampp\htdocs\listaTelefonica\Controllers\UsuarioController.php on line 72
[10-Apr-2021 01:37:33 Europe/Berlin] PHP Warning:  session_destroy(): Trying to destroy uninitialized session in C:\xampp\htdocs\listaTelefonica\Controllers\UsuarioController.php on line 72
[10-Apr-2021 01:37:42 Europe/Berlin] PHP Warning:  session_destroy(): Trying to destroy uninitialized session in C:\xampp\htdocs\listaTelefonica\Controllers\UsuarioController.php on line 72
[10-Apr-2021 01:37:44 Europe/Berlin] PHP Warning:  session_destroy(): Trying to destroy uninitialized session in C:\xampp\htdocs\listaTelefonica\Controllers\UsuarioController.php on line 72
[10-Apr-2021 01:41:17 Europe/Berlin] PHP Warning:  session_destroy(): Trying to destroy uninitialized session in C:\xampp\htdocs\listaTelefonica\Controllers\UsuarioController.php on line 72
[10-Apr-2021 01:41:18 Europe/Berlin] PHP Warning:  session_destroy(): Trying to destroy uninitialized session in C:\xampp\htdocs\listaTelefonica\Controllers\UsuarioController.php on line 72
[10-Apr-2021 01:41:29 Europe/Berlin] PHP Warning:  session_destroy(): Trying to destroy uninitialized session in C:\xampp\htdocs\listaTelefonica\Controllers\UsuarioController.php on line 72
[10-Apr-2021 01:43:39 Europe/Berlin] PHP Notice:  Undefined variable: _SESSION in C:\xampp\htdocs\listaTelefonica\Controllers\ContatoController.php on line 49
[10-Apr-2021 01:43:39 Europe/Berlin] PHP Notice:  Trying to access array offset on value of type null in C:\xampp\htdocs\listaTelefonica\Controllers\ContatoController.php on line 49
[10-Apr-2021 01:43:39 Europe/Berlin] PHP Notice:  Undefined variable: _SESSION in C:\xampp\htdocs\listaTelefonica\Controllers\ContatoController.php on line 49
[10-Apr-2021 01:43:39 Europe/Berlin] PHP Notice:  Trying to access array offset on value of type null in C:\xampp\htdocs\listaTelefonica\Controllers\ContatoController.php on line 49
[10-Apr-2021 01:43:39 Europe/Berlin] PHP Notice:  Undefined variable: _SESSION in C:\xampp\htdocs\listaTelefonica\Controllers\ContatoController.php on line 49
[10-Apr-2021 01:43:39 Europe/Berlin] PHP Notice:  Trying to access array offset on value of type null in C:\xampp\htdocs\listaTelefonica\Controllers\ContatoController.php on line 49
[10-Apr-2021 02:16:48 Europe/Berlin] PHP Fatal error:  Cannot use isset() on the result of an expression (you can use "null !== expression" instead) in C:\xampp\htdocs\listaTelefonica\Controllers\ContatoController.php on line 44
[10-Apr-2021 02:17:15 Europe/Berlin] PHP Fatal error:  Cannot use isset() on the result of an expression (you can use "null !== expression" instead) in C:\xampp\htdocs\listaTelefonica\Controllers\UsuarioController.php on line 77
[10-Apr-2021 02:25:06 Europe/Berlin] PHP Parse error:  syntax error, unexpected '=', expecting ')' in C:\xampp\htdocs\listaTelefonica\Lib\Application.php on line 7
[10-Apr-2021 02:25:21 Europe/Berlin] PHP Notice:  Undefined index: usuario in C:\xampp\htdocs\listaTelefonica\Lib\Application.php on line 11
[10-Apr-2021 02:25:21 Europe/Berlin] PHP Fatal error:  Uncaught Exception: Arquivo Controllers/Controller.php não encontrado ou existente.   in C:\xampp\htdocs\listaTelefonica\Lib\Application.php:25
Stack trace:
#0 C:\xampp\htdocs\listaTelefonica\index.php(5): Application->importarController()
#1 {main}
  thrown in C:\xampp\htdocs\listaTelefonica\Lib\Application.php on line 25
[10-Apr-2021 02:26:25 Europe/Berlin] PHP Fatal error:  Uncaught Exception: Arquivo Controllers/UController.php não encontrado ou existente.   in C:\xampp\htdocs\listaTelefonica\Lib\Application.php:24
Stack trace:
#0 C:\xampp\htdocs\listaTelefonica\index.php(5): Application->importarController()
#1 {main}
  thrown in C:\xampp\htdocs\listaTelefonica\Lib\Application.php on line 24
[10-Apr-2021 03:06:45 Europe/Berlin] PHP Parse error:  syntax error, unexpected 'if' (T_IF) in C:\xampp\htdocs\listaTelefonica\Controllers\ContatoController.php on line 37
[10-Apr-2021 03:07:37 Europe/Berlin] PHP Parse error:  syntax error, unexpected 'if' (T_IF) in C:\xampp\htdocs\listaTelefonica\Controllers\ContatoController.php on line 32
[10-Apr-2021 03:08:09 Europe/Berlin] PHP Parse error:  syntax error, unexpected 'echo' (T_ECHO), expecting ';' or ',' in C:\xampp\htdocs\listaTelefonica\op.php on line 9
[10-Apr-2021 03:08:57 Europe/Berlin] PHP Fatal error:  Uncaught Exception: Metodo deletar não encontrado ou existente.   in C:\xampp\htdocs\listaTelefonica\Lib\Application.php:34
Stack trace:
#0 C:\xampp\htdocs\listaTelefonica\index.php(6): Application->importarController()
#1 {main}
  thrown in C:\xampp\htdocs\listaTelefonica\Lib\Application.php on line 34
[10-Apr-2021 03:11:03 Europe/Berlin] PHP Fatal error:  Uncaught Exception: Metodo deletar não encontrado ou existente.   in C:\xampp\htdocs\listaTelefonica\Lib\Application.php:34
Stack trace:
#0 C:\xampp\htdocs\listaTelefonica\index.php(6): Application->importarController()
#1 {main}
  thrown in C:\xampp\htdocs\listaTelefonica\Lib\Application.php on line 34
[10-Apr-2021 03:46:23 Europe/Berlin] PHP Fatal error:  Uncaught Exception: ERROR: Arquivo: Views/listarContaros.phtml não foi encontrado ou não existe. in C:\xampp\htdocs\listaTelefonica\Lib\View.php:51
Stack trace:
#0 C:\xampp\htdocs\listaTelefonica\Lib\View.php(18): View->setHtmlFile('Views/listarCon...')
#1 C:\xampp\htdocs\listaTelefonica\Controllers\ContatoController.php(17): View->__construct('Views/listarCon...')
#2 C:\xampp\htdocs\listaTelefonica\Lib\Application.php(49): ContatoController->listarContatos()
#3 C:\xampp\htdocs\listaTelefonica\index.php(6): Application->importarController()
#4 {main}
  thrown in C:\xampp\htdocs\listaTelefonica\Lib\View.php on line 51
[10-Apr-2021 08:37:19 Europe/Berlin] PHP Parse error:  syntax error, unexpected 'else' (T_ELSE) in C:\xampp\htdocs\listaTelefonica\Controllers\ContatoController.php on line 20
[10-Apr-2021 08:38:41 Europe/Berlin] PHP Notice:  Undefined variable: v in C:\xampp\htdocs\listaTelefonica\Controllers\ContatoController.php on line 40
[10-Apr-2021 08:38:41 Europe/Berlin] PHP Fatal error:  Uncaught Error: Call to a member function mostrarPagina() on null in C:\xampp\htdocs\listaTelefonica\Controllers\ContatoController.php:40
Stack trace:
#0 C:\xampp\htdocs\listaTelefonica\Lib\Application.php(49): ContatoController->manterContatos()
#1 C:\xampp\htdocs\listaTelefonica\index.php(6): Application->importarController()
#2 {main}
  thrown in C:\xampp\htdocs\listaTelefonica\Controllers\ContatoController.php on line 40
[10-Apr-2021 08:39:13 Europe/Berlin] PHP Fatal error:  Uncaught Exception: ERROR: Arquivo: Views/resgistrarContatos.phtml não foi encontrado ou não existe. in C:\xampp\htdocs\listaTelefonica\Lib\View.php:51
Stack trace:
#0 C:\xampp\htdocs\listaTelefonica\Lib\View.php(18): View->setHtmlFile('Views/resgistra...')
#1 C:\xampp\htdocs\listaTelefonica\Controllers\ContatoController.php(31): View->__construct('Views/resgistra...')
#2 C:\xampp\htdocs\listaTelefonica\Lib\Application.php(49): ContatoController->manterContatos()
#3 C:\xampp\htdocs\listaTelefonica\index.php(6): Application->importarController()
#4 {main}
  thrown in C:\xampp\htdocs\listaTelefonica\Lib\View.php on line 51
[10-Apr-2021 08:39:24 Europe/Berlin] PHP Notice:  Trying to access array offset on value of type null in C:\xampp\htdocs\listaTelefonica\Views\registrarContatos.phtml on line 4
[10-Apr-2021 08:39:24 Europe/Berlin] PHP Fatal error:  Uncaught Error: Call to a member function getNome() on null in C:\xampp\htdocs\listaTelefonica\Views\registrarContatos.phtml:14
Stack trace:
#0 C:\xampp\htdocs\listaTelefonica\Lib\View.php(32): require_once()
#1 C:\xampp\htdocs\listaTelefonica\Lib\View.php(73): View->getConteudo()
#2 C:\xampp\htdocs\listaTelefonica\Controllers\ContatoController.php(41): View->mostrarPagina()
#3 C:\xampp\htdocs\listaTelefonica\Lib\Application.php(49): ContatoController->manterContatos()
#4 C:\xampp\htdocs\listaTelefonica\index.php(6): Application->importarController()
#5 {main}
  thrown in C:\xampp\htdocs\listaTelefonica\Views\registrarContatos.phtml on line 14
[10-Apr-2021 08:42:16 Europe/Berlin] PHP Fatal error:  Uncaught Exception: Metodo listarUsuarios não encontrado ou existente.   in C:\xampp\htdocs\listaTelefonica\Lib\Application.php:51
Stack trace:
#0 C:\xampp\htdocs\listaTelefonica\index.php(6): Application->importarController()
#1 {main}
  thrown in C:\xampp\htdocs\listaTelefonica\Lib\Application.php on line 51
[10-Apr-2021 08:42:47 Europe/Berlin] PHP Fatal error:  Uncaught Exception: Metodo manterContato não encontrado ou existente.   in C:\xampp\htdocs\listaTelefonica\Lib\Application.php:51
Stack trace:
#0 C:\xampp\htdocs\listaTelefonica\index.php(6): Application->importarController()
#1 {main}
  thrown in C:\xampp\htdocs\listaTelefonica\Lib\Application.php on line 51
[10-Apr-2021 08:43:12 Europe/Berlin] PHP Fatal error:  Uncaught Exception: Metodo manterContato não encontrado ou existente.   in C:\xampp\htdocs\listaTelefonica\Lib\Application.php:51
Stack trace:
#0 C:\xampp\htdocs\listaTelefonica\index.php(6): Application->importarController()
#1 {main}
  thrown in C:\xampp\htdocs\listaTelefonica\Lib\Application.php on line 51
[10-Apr-2021 08:47:50 Europe/Berlin] PHP Parse error:  syntax error, unexpected ';', expecting ')' in C:\xampp\htdocs\listaTelefonica\Controllers\ContatoController.php on line 19
[10-Apr-2021 09:18:05 Europe/Berlin] PHP Warning:  require_once(../Models/ConectaBanco.php): failed to open stream: No such file or directory in C:\xampp\htdocs\listaTelefonica\Models\Telefone.php on line 2
[10-Apr-2021 09:18:05 Europe/Berlin] PHP Fatal error:  require_once(): Failed opening required '../Models/ConectaBanco.php' (include_path='C:\xampp\php\PEAR') in C:\xampp\htdocs\listaTelefonica\Models\Telefone.php on line 2
[10-Apr-2021 09:18:30 Europe/Berlin] PHP Notice:  Undefined variable: v in C:\xampp\htdocs\listaTelefonica\Controllers\TelefoneController.php on line 20
[10-Apr-2021 09:18:30 Europe/Berlin] PHP Fatal error:  Uncaught Error: Call to a member function mostrarPagina() on null in C:\xampp\htdocs\listaTelefonica\Controllers\TelefoneController.php:20
Stack trace:
#0 C:\xampp\htdocs\listaTelefonica\Lib\Application.php(49): TelefoneController->listarTelefones()
#1 C:\xampp\htdocs\listaTelefonica\index.php(6): Application->importarController()
#2 {main}
  thrown in C:\xampp\htdocs\listaTelefonica\Controllers\TelefoneController.php on line 20
[10-Apr-2021 09:19:32 Europe/Berlin] PHP Fatal error:  Uncaught Error: Call to undefined method View::listar() in C:\xampp\htdocs\listaTelefonica\Controllers\TelefoneController.php:15
Stack trace:
#0 C:\xampp\htdocs\listaTelefonica\Lib\Application.php(49): TelefoneController->listarTelefones()
#1 C:\xampp\htdocs\listaTelefonica\index.php(6): Application->importarController()
#2 {main}
  thrown in C:\xampp\htdocs\listaTelefonica\Controllers\TelefoneController.php on line 15
[10-Apr-2021 09:19:47 Europe/Berlin] PHP Fatal error:  Uncaught Error: Call to undefined method Telefone::listar() in C:\xampp\htdocs\listaTelefonica\Controllers\TelefoneController.php:15
Stack trace:
#0 C:\xampp\htdocs\listaTelefonica\Lib\Application.php(49): TelefoneController->listarTelefones()
#1 C:\xampp\htdocs\listaTelefonica\index.php(6): Application->importarController()
#2 {main}
  thrown in C:\xampp\htdocs\listaTelefonica\Controllers\TelefoneController.php on line 15
[10-Apr-2021 09:20:03 Europe/Berlin] PHP Parse error:  syntax error, unexpected 'echo' (T_ECHO) in C:\xampp\htdocs\listaTelefonica\Views\listarTelefones.phtml on line 26
[10-Apr-2021 09:20:28 Europe/Berlin] PHP Parse error:  syntax error, unexpected end of file in C:\xampp\htdocs\listaTelefonica\Views\listarTelefones.phtml on line 34
[10-Apr-2021 09:21:35 Europe/Berlin] PHP Notice:  Undefined index: contatos in C:\xampp\htdocs\listaTelefonica\Views\listarTelefones.phtml on line 5
[10-Apr-2021 09:21:35 Europe/Berlin] PHP Warning:  Invalid argument supplied for foreach() in C:\xampp\htdocs\listaTelefonica\Views\listarTelefones.phtml on line 23
[10-Apr-2021 09:23:46 Europe/Berlin] PHP Fatal error:  Uncaught Exception: Metodo manterTelefone não encontrado ou existente.   in C:\xampp\htdocs\listaTelefonica\Lib\Application.php:51
Stack trace:
#0 C:\xampp\htdocs\listaTelefonica\index.php(6): Application->importarController()
#1 {main}
  thrown in C:\xampp\htdocs\listaTelefonica\Lib\Application.php on line 51
[13-Apr-2021 05:17:41 Europe/Berlin] PHP Fatal error:  Uncaught Exception: Metodo manterTelefone não encontrado ou existente.   in C:\xampp\htdocs\listaTelefonica\Lib\Application.php:51
Stack trace:
#0 C:\xampp\htdocs\listaTelefonica\index.php(6): Application->importarController()
#1 {main}
  thrown in C:\xampp\htdocs\listaTelefonica\Lib\Application.php on line 51
[13-Apr-2021 05:17:53 Europe/Berlin] PHP Fatal error:  Uncaught Exception: Metodo manterTelefone não encontrado ou existente.   in C:\xampp\htdocs\listaTelefonica\Lib\Application.php:51
Stack trace:
#0 C:\xampp\htdocs\listaTelefonica\index.php(6): Application->importarController()
#1 {main}
  thrown in C:\xampp\htdocs\listaTelefonica\Lib\Application.php on line 51
[13-Apr-2021 05:18:09 Europe/Berlin] PHP Notice:  Undefined index: contatos in C:\xampp\htdocs\listaTelefonica\Views\registrarTelefones.phtml on line 4
[13-Apr-2021 05:20:12 Europe/Berlin] PHP Fatal error:  Uncaught Exception: Metodo deleterTelefone não encontrado ou existente.   in C:\xampp\htdocs\listaTelefonica\Lib\Application.php:51
Stack trace:
#0 C:\xampp\htdocs\listaTelefonica\index.php(6): Application->importarController()
#1 {main}
  thrown in C:\xampp\htdocs\listaTelefonica\Lib\Application.php on line 51
[13-Apr-2021 05:21:53 Europe/Berlin] PHP Notice:  Undefined variable: c in C:\xampp\htdocs\listaTelefonica\Controllers\TelefoneController.php on line 53
[13-Apr-2021 05:21:53 Europe/Berlin] PHP Fatal error:  Uncaught Error: Call to a member function loadById() on null in C:\xampp\htdocs\listaTelefonica\Controllers\TelefoneController.php:53
Stack trace:
#0 C:\xampp\htdocs\listaTelefonica\Lib\Application.php(49): TelefoneController->deletarTelefone()
#1 C:\xampp\htdocs\listaTelefonica\index.php(6): Application->importarController()
#2 {main}
  thrown in C:\xampp\htdocs\listaTelefonica\Controllers\TelefoneController.php on line 53
[13-Apr-2021 05:24:27 Europe/Berlin] PHP Notice:  Undefined index: id_con in C:\xampp\htdocs\listaTelefonica\Controllers\TelefoneController.php on line 55
[13-Apr-2021 05:24:27 Europe/Berlin] PHP Fatal error:  Uncaught Error: Call to a member function fetchObject() on bool in C:\xampp\htdocs\listaTelefonica\Models\Telefone.php:104
Stack trace:
#0 C:\xampp\htdocs\listaTelefonica\Controllers\TelefoneController.php(15): Telefone->listar('')
#1 C:\xampp\htdocs\listaTelefonica\Lib\Application.php(49): TelefoneController->listarTelefones()
#2 C:\xampp\htdocs\listaTelefonica\index.php(6): Application->importarController()
#3 {main}
  thrown in C:\xampp\htdocs\listaTelefonica\Models\Telefone.php on line 104
[13-Apr-2021 05:26:02 Europe/Berlin] PHP Notice:  Trying to get property 'cd_tel' of non-object in C:\xampp\htdocs\listaTelefonica\Models\Telefone.php on line 127
[13-Apr-2021 05:26:02 Europe/Berlin] PHP Notice:  Trying to get property 'ddd_tel' of non-object in C:\xampp\htdocs\listaTelefonica\Models\Telefone.php on line 128
[13-Apr-2021 05:26:02 Europe/Berlin] PHP Notice:  Trying to get property 'nr_tel' of non-object in C:\xampp\htdocs\listaTelefonica\Models\Telefone.php on line 129
[13-Apr-2021 05:26:02 Europe/Berlin] PHP Notice:  Trying to get property 'tp_tel' of non-object in C:\xampp\htdocs\listaTelefonica\Models\Telefone.php on line 130
[13-Apr-2021 05:30:08 Europe/Berlin] PHP Notice:  Trying to get property 'cd_tel' of non-object in C:\xampp\htdocs\listaTelefonica\Models\Telefone.php on line 127
[13-Apr-2021 05:30:08 Europe/Berlin] PHP Notice:  Trying to get property 'ddd_tel' of non-object in C:\xampp\htdocs\listaTelefonica\Models\Telefone.php on line 128
[13-Apr-2021 05:30:08 Europe/Berlin] PHP Notice:  Trying to get property 'nr_tel' of non-object in C:\xampp\htdocs\listaTelefonica\Models\Telefone.php on line 129
[13-Apr-2021 05:30:08 Europe/Berlin] PHP Notice:  Trying to get property 'tp_tel' of non-object in C:\xampp\htdocs\listaTelefonica\Models\Telefone.php on line 130
[13-Apr-2021 05:45:57 Europe/Berlin] PHP Notice:  Trying to get property 'cd_tel' of non-object in C:\xampp\htdocs\listaTelefonica\Models\Telefone.php on line 127
[13-Apr-2021 05:45:57 Europe/Berlin] PHP Notice:  Trying to get property 'ddd_tel' of non-object in C:\xampp\htdocs\listaTelefonica\Models\Telefone.php on line 128
[13-Apr-2021 05:45:57 Europe/Berlin] PHP Notice:  Trying to get property 'nr_tel' of non-object in C:\xampp\htdocs\listaTelefonica\Models\Telefone.php on line 129
[13-Apr-2021 05:45:57 Europe/Berlin] PHP Notice:  Trying to get property 'tp_tel' of non-object in C:\xampp\htdocs\listaTelefonica\Models\Telefone.php on line 130
[13-Apr-2021 05:46:24 Europe/Berlin] PHP Notice:  Trying to get property 'cd_tel' of non-object in C:\xampp\htdocs\listaTelefonica\Models\Telefone.php on line 127
[13-Apr-2021 05:46:24 Europe/Berlin] PHP Notice:  Trying to get property 'ddd_tel' of non-object in C:\xampp\htdocs\listaTelefonica\Models\Telefone.php on line 128
[13-Apr-2021 05:46:24 Europe/Berlin] PHP Notice:  Trying to get property 'nr_tel' of non-object in C:\xampp\htdocs\listaTelefonica\Models\Telefone.php on line 129
[13-Apr-2021 05:46:24 Europe/Berlin] PHP Notice:  Trying to get property 'tp_tel' of non-object in C:\xampp\htdocs\listaTelefonica\Models\Telefone.php on line 130
[13-Apr-2021 05:59:02 Europe/Berlin] PHP Parse error:  syntax error, unexpected 'echo' (T_ECHO), expecting '{' in C:\xampp\htdocs\listaTelefonica\Models\Telefone.php on line 141
[13-Apr-2021 06:30:34 Europe/Berlin] PHP Fatal error:  Uncaught Error: Class 'Telefone' not found in C:\xampp\htdocs\listaTelefonica\Controllers\ContatoController.php:54
Stack trace:
#0 C:\xampp\htdocs\listaTelefonica\Lib\Application.php(49): ContatoController->deletarContato()
#1 C:\xampp\htdocs\listaTelefonica\index.php(6): Application->importarController()
#2 {main}
  thrown in C:\xampp\htdocs\listaTelefonica\Controllers\ContatoController.php on line 54
[13-Apr-2021 09:55:45 Europe/Berlin] PHP Fatal error:  Uncaught Error: Class 'Validador' not found in C:\xampp\htdocs\listaTelefonica\teste.php:5
Stack trace:
#0 {main}
  thrown in C:\xampp\htdocs\listaTelefonica\teste.php on line 5
[13-Apr-2021 09:58:50 Europe/Berlin] PHP Fatal error:  Uncaught Error: Class 'Validador' not found in C:\xampp\htdocs\listaTelefonica\Controllers\UsuarioController.php:22
Stack trace:
#0 C:\xampp\htdocs\listaTelefonica\Lib\Application.php(49): UsuarioController->logarUsuario()
#1 C:\xampp\htdocs\listaTelefonica\index.php(6): Application->importarController()
#2 {main}
  thrown in C:\xampp\htdocs\listaTelefonica\Controllers\UsuarioController.php on line 22
[13-Apr-2021 10:18:50 Europe/Berlin] PHP Parse error:  syntax error, unexpected ')' in C:\xampp\htdocs\listaTelefonica\Controllers\UsuarioController.php on line 21
[13-Apr-2021 10:37:24 Europe/Berlin] PHP Notice:  Undefined index: nm_usuario in C:\xampp\htdocs\listaTelefonica\Controllers\UsuarioController.php on line 74
[13-Apr-2021 10:37:24 Europe/Berlin] PHP Notice:  Undefined index: nm_usuario in C:\xampp\htdocs\listaTelefonica\Controllers\UsuarioController.php on line 76
[13-Apr-2021 10:37:24 Europe/Berlin] PHP Notice:  Undefined index: senha_usuario in C:\xampp\htdocs\listaTelefonica\Controllers\UsuarioController.php on line 77
[13-Apr-2021 10:37:55 Europe/Berlin] PHP Notice:  Undefined index: nm_usuario in C:\xampp\htdocs\listaTelefonica\Controllers\UsuarioController.php on line 74
[13-Apr-2021 10:46:00 Europe/Berlin] PHP Fatal error:  Uncaught ArgumentCountError: Too few arguments to function Contato::loadById(), 1 passed in C:\xampp\htdocs\listaTelefonica\Controllers\ContatoController.php on line 32 and exactly 2 expected in C:\xampp\htdocs\listaTelefonica\Models\Contato.php:134
Stack trace:
#0 C:\xampp\htdocs\listaTelefonica\Controllers\ContatoController.php(32): Contato->loadById('11')
#1 C:\xampp\htdocs\listaTelefonica\Lib\Application.php(49): ContatoController->manterContatos()
#2 C:\xampp\htdocs\listaTelefonica\index.php(6): Application->importarController()
#3 {main}
  thrown in C:\xampp\htdocs\listaTelefonica\Models\Contato.php on line 134
[14-Apr-2021 01:54:49 Europe/Berlin] PHP Warning:  require_once(Controllers/Validador.php): failed to open stream: No such file or directory in C:\xampp\htdocs\listaTelefonica\Controllers\UsuarioController.php on line 4
[14-Apr-2021 01:54:49 Europe/Berlin] PHP Fatal error:  require_once(): Failed opening required 'Controllers/Validador.php' (include_path='C:\xampp\php\PEAR') in C:\xampp\htdocs\listaTelefonica\Controllers\UsuarioController.php on line 4
[14-Apr-2021 02:32:36 Europe/Berlin] PHP Fatal error:  Uncaught Exception: ERROR: Você não está logado fi listarContatos in C:\xampp\htdocs\listaTelefonica\Controllers\ContatoController.php:22
Stack trace:
#0 C:\xampp\htdocs\listaTelefonica\Lib\Application.php(50): ContatoController->listarContatos()
#1 C:\xampp\htdocs\listaTelefonica\index.php(6): Application->importarController()
#2 {main}
  thrown in C:\xampp\htdocs\listaTelefonica\Controllers\ContatoController.php on line 22
[14-Apr-2021 02:33:39 Europe/Berlin] PHP Fatal error:  Uncaught Exception: Metodo mantarContato não encontrado ou existente.   in C:\xampp\htdocs\listaTelefonica\Lib\Application.php:52
Stack trace:
#0 C:\xampp\htdocs\listaTelefonica\index.php(6): Application->importarController()
#1 {main}
  thrown in C:\xampp\htdocs\listaTelefonica\Lib\Application.php on line 52
[14-Apr-2021 02:33:44 Europe/Berlin] PHP Fatal error:  Uncaught Exception: Metodo mantarContatos não encontrado ou existente.   in C:\xampp\htdocs\listaTelefonica\Lib\Application.php:52
Stack trace:
#0 C:\xampp\htdocs\listaTelefonica\index.php(6): Application->importarController()
#1 {main}
  thrown in C:\xampp\htdocs\listaTelefonica\Lib\Application.php on line 52
[14-Apr-2021 02:34:00 Europe/Berlin] PHP Fatal error:  Uncaught Exception: ERROR: Você não está logado fi manterContatos in C:\xampp\htdocs\listaTelefonica\Controllers\ContatoController.php:54
Stack trace:
#0 C:\xampp\htdocs\listaTelefonica\Lib\Application.php(50): ContatoController->manterContatos()
#1 C:\xampp\htdocs\listaTelefonica\index.php(6): Application->importarController()
#2 {main}
  thrown in C:\xampp\htdocs\listaTelefonica\Controllers\ContatoController.php on line 54
[14-Apr-2021 02:44:21 Europe/Berlin] PHP Fatal error:  Uncaught ArgumentCountError: Too few arguments to function Contato::loadById(), 1 passed in C:\xampp\htdocs\listaTelefonica\Controllers\ContatoController.php on line 33 and exactly 2 expected in C:\xampp\htdocs\listaTelefonica\Models\Contato.php:134
Stack trace:
#0 C:\xampp\htdocs\listaTelefonica\Controllers\ContatoController.php(33): Contato->loadById('20')
#1 C:\xampp\htdocs\listaTelefonica\Lib\Application.php(50): ContatoController->manterContatos()
#2 C:\xampp\htdocs\listaTelefonica\index.php(6): Application->importarController()
#3 {main}
  thrown in C:\xampp\htdocs\listaTelefonica\Models\Contato.php on line 134
[14-Apr-2021 03:10:59 Europe/Berlin] PHP Notice:  Undefined index: id_con in C:\xampp\htdocs\listaTelefonica\Controllers\TelefoneController.php on line 40
[14-Apr-2021 03:28:57 Europe/Berlin] PHP Fatal error:  Uncaught Error: Class 'Contato' not found in C:\xampp\htdocs\listaTelefonica\Controllers\TelefoneController.php:26
Stack trace:
#0 C:\xampp\htdocs\listaTelefonica\Lib\Application.php(50): TelefoneController->manterTelefone()
#1 C:\xampp\htdocs\listaTelefonica\index.php(6): Application->importarController()
#2 {main}
  thrown in C:\xampp\htdocs\listaTelefonica\Controllers\TelefoneController.php on line 26
[14-Apr-2021 03:29:54 Europe/Berlin] PHP Notice:  Undefined index: contato in C:\xampp\htdocs\listaTelefonica\Views\registrarTelefones.phtml on line 5
[14-Apr-2021 03:29:54 Europe/Berlin] PHP Fatal error:  Uncaught Error: Call to a member function getId() on null in C:\xampp\htdocs\listaTelefonica\Views\registrarTelefones.phtml:24
Stack trace:
#0 C:\xampp\htdocs\listaTelefonica\Lib\View.php(32): require_once()
#1 C:\xampp\htdocs\listaTelefonica\Lib\View.php(73): View->getConteudo()
#2 C:\xampp\htdocs\listaTelefonica\Controllers\TelefoneController.php(59): View->mostrarPagina()
#3 C:\xampp\htdocs\listaTelefonica\Lib\Application.php(50): TelefoneController->manterTelefone()
#4 C:\xampp\htdocs\listaTelefonica\index.php(6): Application->importarController()
#5 {main}
  thrown in C:\xampp\htdocs\listaTelefonica\Views\registrarTelefones.phtml on line 24
[14-Apr-2021 03:31:31 Europe/Berlin] PHP Notice:  Undefined index: contato in C:\xampp\htdocs\listaTelefonica\Views\registrarTelefones.phtml on line 5
[14-Apr-2021 03:31:31 Europe/Berlin] PHP Fatal error:  Uncaught Error: Call to a member function getId() on null in C:\xampp\htdocs\listaTelefonica\Views\registrarTelefones.phtml:24
Stack trace:
#0 C:\xampp\htdocs\listaTelefonica\Lib\View.php(32): require_once()
#1 C:\xampp\htdocs\listaTelefonica\Lib\View.php(73): View->getConteudo()
#2 C:\xampp\htdocs\listaTelefonica\Controllers\TelefoneController.php(59): View->mostrarPagina()
#3 C:\xampp\htdocs\listaTelefonica\Lib\Application.php(50): TelefoneController->manterTelefone()
#4 C:\xampp\htdocs\listaTelefonica\index.php(6): Application->importarController()
#5 {main}
  thrown in C:\xampp\htdocs\listaTelefonica\Views\registrarTelefones.phtml on line 24
[14-Apr-2021 03:33:35 Europe/Berlin] PHP Notice:  Undefined index: contato in C:\xampp\htdocs\listaTelefonica\Views\listarTelefones.phtml on line 6
[14-Apr-2021 03:36:00 Europe/Berlin] PHP Notice:  Undefined index: contato in C:\xampp\htdocs\listaTelefonica\Views\listarTelefones.phtml on line 6
[14-Apr-2021 03:36:26 Europe/Berlin] PHP Notice:  Undefined index: contato in C:\xampp\htdocs\listaTelefonica\Views\listarTelefones.phtml on line 6
[14-Apr-2021 03:40:25 Europe/Berlin] PHP Notice:  Undefined index: contato in C:\xampp\htdocs\listaTelefonica\Views\registrarTelefones.phtml on line 5
[14-Apr-2021 03:40:25 Europe/Berlin] PHP Fatal error:  Uncaught Error: Call to a member function getId() on null in C:\xampp\htdocs\listaTelefonica\Views\registrarTelefones.phtml:24
Stack trace:
#0 C:\xampp\htdocs\listaTelefonica\Lib\View.php(32): require_once()
#1 C:\xampp\htdocs\listaTelefonica\Lib\View.php(73): View->getConteudo()
#2 C:\xampp\htdocs\listaTelefonica\Controllers\TelefoneController.php(60): View->mostrarPagina()
#3 C:\xampp\htdocs\listaTelefonica\Lib\Application.php(50): TelefoneController->manterTelefone()
#4 C:\xampp\htdocs\listaTelefonica\index.php(6): Application->importarController()
#5 {main}
  thrown in C:\xampp\htdocs\listaTelefonica\Views\registrarTelefones.phtml on line 24
[14-Apr-2021 03:42:46 Europe/Berlin] PHP Fatal error:  Uncaught Error: Call to a member function fetchObject() on bool in C:\xampp\htdocs\listaTelefonica\Models\Contato.php:141
Stack trace:
#0 C:\xampp\htdocs\listaTelefonica\Controllers\TelefoneController.php(14): Contato->loadById('', '3')
#1 C:\xampp\htdocs\listaTelefonica\Lib\Application.php(50): TelefoneController->listarTelefones()
#2 C:\xampp\htdocs\listaTelefonica\index.php(6): Application->importarController()
#3 {main}
  thrown in C:\xampp\htdocs\listaTelefonica\Models\Contato.php on line 141
[14-Apr-2021 03:43:48 Europe/Berlin] PHP Fatal error:  Uncaught Error: Call to a member function fetchObject() on bool in C:\xampp\htdocs\listaTelefonica\Models\Contato.php:141
Stack trace:
#0 C:\xampp\htdocs\listaTelefonica\Controllers\TelefoneController.php(14): Contato->loadById('', '3')
#1 C:\xampp\htdocs\listaTelefonica\Lib\Application.php(50): TelefoneController->listarTelefones()
#2 C:\xampp\htdocs\listaTelefonica\index.php(6): Application->importarController()
#3 {main}
  thrown in C:\xampp\htdocs\listaTelefonica\Models\Contato.php on line 141
[14-Apr-2021 03:43:50 Europe/Berlin] PHP Fatal error:  Uncaught Exception: Metodo indexRedirect não encontrado ou existente.   in C:\xampp\htdocs\listaTelefonica\Lib\Application.php:52
Stack trace:
#0 C:\xampp\htdocs\listaTelefonica\index.php(6): Application->importarController()
#1 {main}
  thrown in C:\xampp\htdocs\listaTelefonica\Lib\Application.php on line 52
[14-Apr-2021 03:46:31 Europe/Berlin] PHP Fatal error:  Uncaught Error: Call to a member function fetchObject() on bool in C:\xampp\htdocs\listaTelefonica\Models\Contato.php:141
Stack trace:
#0 C:\xampp\htdocs\listaTelefonica\Controllers\TelefoneController.php(14): Contato->loadById('', '3')
#1 C:\xampp\htdocs\listaTelefonica\Lib\Application.php(50): TelefoneController->listarTelefones()
#2 C:\xampp\htdocs\listaTelefonica\index.php(6): Application->importarController()
#3 {main}
  thrown in C:\xampp\htdocs\listaTelefonica\Models\Contato.php on line 141
[14-Apr-2021 03:47:44 Europe/Berlin] PHP Notice:  Undefined index: id_con in C:\xampp\htdocs\listaTelefonica\Controllers\TelefoneController.php on line 67
[14-Apr-2021 03:47:44 Europe/Berlin] PHP Fatal error:  Uncaught Error: Call to a member function fetchObject() on bool in C:\xampp\htdocs\listaTelefonica\Models\Telefone.php:126
Stack trace:
#0 C:\xampp\htdocs\listaTelefonica\Controllers\TelefoneController.php(67): Telefone->loadById('15', NULL)
#1 C:\xampp\htdocs\listaTelefonica\Lib\Application.php(50): TelefoneController->deletarTelefone()
#2 C:\xampp\htdocs\listaTelefonica\index.php(6): Application->importarController()
#3 {main}
  thrown in C:\xampp\htdocs\listaTelefonica\Models\Telefone.php on line 126
[14-Apr-2021 06:08:47 Europe/Berlin] PHP Parse error:  syntax error, unexpected '(', expecting variable (T_VARIABLE) in C:\xampp\htdocs\listaTelefonica\Lib\Application.php on line 56
[14-Apr-2021 06:09:21 Europe/Berlin] PHP Fatal error:  Uncaught Error: Call to undefined function err404() in C:\xampp\htdocs\listaTelefonica\Lib\Application.php:42
Stack trace:
#0 C:\xampp\htdocs\listaTelefonica\index.php(6): Application->importarController()
#1 {main}
  thrown in C:\xampp\htdocs\listaTelefonica\Lib\Application.php on line 42
[14-Apr-2021 06:09:50 Europe/Berlin] PHP Fatal error:  Uncaught Error: Class 'View' not found in C:\xampp\htdocs\listaTelefonica\Lib\Application.php:60
Stack trace:
#0 C:\xampp\htdocs\listaTelefonica\Lib\Application.php(42): Application->err404()
#1 C:\xampp\htdocs\listaTelefonica\index.php(6): Application->importarController()
#2 {main}
  thrown in C:\xampp\htdocs\listaTelefonica\Lib\Application.php on line 60
[14-Apr-2021 06:10:19 Europe/Berlin] PHP Fatal error:  Uncaught Error: Class 'View' not found in C:\xampp\htdocs\listaTelefonica\Lib\Application.php:60
Stack trace:
#0 C:\xampp\htdocs\listaTelefonica\Lib\Application.php(42): Application->err404()
#1 C:\xampp\htdocs\listaTelefonica\index.php(6): Application->importarController()
#2 {main}
  thrown in C:\xampp\htdocs\listaTelefonica\Lib\Application.php on line 60
[14-Apr-2021 06:12:21 Europe/Berlin] PHP Fatal error:  Uncaught Exception: ERROR: Arquivo: pagina404.phtml não foi encontrado ou não existe. in C:\xampp\htdocs\listaTelefonica\Lib\View.php:51
Stack trace:
#0 C:\xampp\htdocs\listaTelefonica\Lib\View.php(18): View->setHtmlFile('pagina404.phtml')
#1 C:\xampp\htdocs\listaTelefonica\Lib\Application.php(60): View->__construct('pagina404.phtml')
#2 C:\xampp\htdocs\listaTelefonica\Lib\Application.php(42): Application->err404()
#3 C:\xampp\htdocs\listaTelefonica\index.php(6): Application->importarController()
#4 {main}
  thrown in C:\xampp\htdocs\listaTelefonica\Lib\View.php on line 51
[14-Apr-2021 06:13:29 Europe/Berlin] PHP Fatal error:  Uncaught Exception: ERROR: Arquivo: logarUsuario.phtml não foi encontrado ou não existe. in C:\xampp\htdocs\listaTelefonica\Lib\View.php:51
Stack trace:
#0 C:\xampp\htdocs\listaTelefonica\Lib\View.php(18): View->setHtmlFile('logarUsuario.ph...')
#1 C:\xampp\htdocs\listaTelefonica\Lib\Application.php(60): View->__construct('logarUsuario.ph...')
#2 C:\xampp\htdocs\listaTelefonica\Lib\Application.php(42): Application->err404()
#3 C:\xampp\htdocs\listaTelefonica\index.php(6): Application->importarController()
#4 {main}
  thrown in C:\xampp\htdocs\listaTelefonica\Lib\View.php on line 51
[14-Apr-2021 06:14:36 Europe/Berlin] PHP Parse error:  syntax error, unexpected '"Err"' (T_CONSTANT_ENCAPSED_STRING) in C:\xampp\htdocs\listaTelefonica\Lib\Application.php on line 61
[14-Apr-2021 06:53:10 Europe/Berlin] PHP Fatal error:  Uncaught Exception: ERROR: Arquivo: sa não foi encontrado ou não existe. in C:\xampp\htdocs\listaTelefonica\Lib\View.php:51
Stack trace:
#0 C:\xampp\htdocs\listaTelefonica\Lib\View.php(18): View->setHtmlFile('sa')
#1 C:\xampp\htdocs\listaTelefonica\Lib\Application.php(60): View->__construct('sa')
#2 C:\xampp\htdocs\listaTelefonica\Lib\Application.php(52): Application->err404('Metodo indexRed...')
#3 C:\xampp\htdocs\listaTelefonica\index.php(6): Application->importarController()
#4 {main}
  thrown in C:\xampp\htdocs\listaTelefonica\Lib\View.php on line 51
[14-Apr-2021 06:53:38 Europe/Berlin] PHP Warning:  require_once(pagina404.phtml): failed to open stream: No such file or directory in C:\xampp\htdocs\listaTelefonica\Lib\View.php on line 32
[14-Apr-2021 06:53:38 Europe/Berlin] PHP Fatal error:  require_once(): Failed opening required 'pagina404.phtml' (include_path='C:\xampp\php\PEAR') in C:\xampp\htdocs\listaTelefonica\Lib\View.php on line 32
[14-Apr-2021 10:21:14 Europe/Berlin] PHP Fatal error:  Uncaught Exception: ERROR: Você não está logado fi manterContatos in C:\xampp\htdocs\listaTelefonica\Controllers\ContatoController.php:56
Stack trace:
#0 C:\xampp\htdocs\listaTelefonica\Lib\Application.php(51): ContatoController->manterContatos()
#1 C:\xampp\htdocs\listaTelefonica\index.php(6): Application->importarController()
#2 {main}
  thrown in C:\xampp\htdocs\listaTelefonica\Controllers\ContatoController.php on line 56
[14-Apr-2021 10:22:12 Europe/Berlin] PHP Notice:  Undefined index: id in C:\xampp\htdocs\listaTelefonica\Controllers\ContatoController.php on line 34
[14-Apr-2021 10:22:12 Europe/Berlin] PHP Fatal error:  Uncaught Error: Call to a member function fetchObject() on bool in C:\xampp\htdocs\listaTelefonica\Models\Contato.php:136
Stack trace:
#0 C:\xampp\htdocs\listaTelefonica\Controllers\ContatoController.php(34): Contato->loadById('7', NULL)
#1 C:\xampp\htdocs\listaTelefonica\Lib\Application.php(51): ContatoController->manterContatos()
#2 C:\xampp\htdocs\listaTelefonica\index.php(6): Application->importarController()
#3 {main}
  thrown in C:\xampp\htdocs\listaTelefonica\Models\Contato.php on line 136
[14-Apr-2021 10:29:50 Europe/Berlin] PHP Parse error:  syntax error, unexpected ',', expecting ';' in C:\xampp\htdocs\listaTelefonica\Models\Usuario.php on line 33
[15-Apr-2021 01:54:58 Europe/Berlin] PHP Warning:  Use of undefined constant hash - assumed 'hash' (this will throw an Error in a future version of PHP) in C:\xampp\htdocs\listaTelefonica\Views\logarUsuario.phtml on line 11
[15-Apr-2021 02:14:05 Europe/Berlin] PHP Parse error:  syntax error, unexpected 'else' (T_ELSE), expecting ';' in C:\xampp\htdocs\listaTelefonica\Models\Usuario.php on line 135
[15-Apr-2021 02:19:24 Europe/Berlin] PHP Warning:  password_hash() expects at least 2 parameters, 1 given in C:\xampp\htdocs\listaTelefonica\Models\Usuario.php on line 134
[15-Apr-2021 02:26:30 Europe/Berlin] PHP Parse error:  syntax error, unexpected 'else' (T_ELSE) in C:\xampp\htdocs\listaTelefonica\Models\Usuario.php on line 134
[15-Apr-2021 06:26:52 Europe/Berlin] PHP Fatal error:  Uncaught Error: Class 'DadosFiltro' not found in C:\xampp\htdocs\listaTelefonica\Controllers\TelefoneController.php:44
Stack trace:
#0 C:\xampp\htdocs\listaTelefonica\Lib\Application.php(51): TelefoneController->manterTelefone()
#1 C:\xampp\htdocs\listaTelefonica\index.php(6): Application->importarController()
#2 {main}
  thrown in C:\xampp\htdocs\listaTelefonica\Controllers\TelefoneController.php on line 44
[15-Apr-2021 09:31:21 Europe/Berlin] PHP Warning:  require_once(Controllers/Validador.php): failed to open stream: No such file or directory in C:\xampp\htdocs\listaTelefonica\teste.php on line 2
[15-Apr-2021 09:31:21 Europe/Berlin] PHP Fatal error:  require_once(): Failed opening required 'Controllers/Validador.php' (include_path='C:\xampp\php\PEAR') in C:\xampp\htdocs\listaTelefonica\teste.php on line 2
[15-Apr-2021 09:31:38 Europe/Berlin] PHP Fatal error:  Uncaught Error: Class 'Validador' not found in C:\xampp\htdocs\listaTelefonica\teste.php:6
Stack trace:
#0 {main}
  thrown in C:\xampp\htdocs\listaTelefonica\teste.php on line 6
[15-Apr-2021 09:33:34 Europe/Berlin] PHP Warning:  preg_replace(): Delimiter must not be alphanumeric or backslash in C:\xampp\htdocs\listaTelefonica\Lib\DadosFiltro.php on line 13
[17-Apr-2021 05:08:14 Europe/Berlin] PHP Notice:  Undefined index: u_nome in C:\xampp\htdocs\listaTelefonica\Views\logarUsuario.phtml on line 17
[17-Apr-2021 05:13:23 Europe/Berlin] PHP Warning:  array_key_exists() expects parameter 2 to be array, string given in C:\xampp\htdocs\listaTelefonica\Lib\Validador.php on line 35
[17-Apr-2021 05:13:48 Europe/Berlin] PHP Warning:  array_key_exists() expects parameter 2 to be array, string given in C:\xampp\htdocs\listaTelefonica\Lib\Validador.php on line 35
[17-Apr-2021 05:42:26 Europe/Berlin] PHP Fatal error:  Uncaught ArgumentCountError: Too few arguments to function Validador::error(), 0 passed in C:\xampp\htdocs\listaTelefonica\Views\cadastroUsuario.phtml on line 23 and exactly 1 expected in C:\xampp\htdocs\listaTelefonica\Lib\Validador.php:38
Stack trace:
#0 C:\xampp\htdocs\listaTelefonica\Views\cadastroUsuario.phtml(23): Validador::error()
#1 C:\xampp\htdocs\listaTelefonica\Lib\View.php(39): require_once('C:\\xampp\\htdocs...')
#2 C:\xampp\htdocs\listaTelefonica\Lib\View.php(79): View->getConteudo()
#3 C:\xampp\htdocs\listaTelefonica\Controllers\UsuarioController.php(87): View->mostrarPagina()
#4 C:\xampp\htdocs\listaTelefonica\Lib\Application.php(53): UsuarioController->cadastrarUsuario()
#5 C:\xampp\htdocs\listaTelefonica\index.php(6): Application->importarController()
#6 {main}
  thrown in C:\xampp\htdocs\listaTelefonica\Lib\Validador.php on line 38
[17-Apr-2021 05:45:53 Europe/Berlin] PHP Notice:  Undefined variable: erro in C:\xampp\htdocs\listaTelefonica\Lib\Validador.php on line 40
[17-Apr-2021 05:45:53 Europe/Berlin] PHP Notice:  Undefined variable: erro in C:\xampp\htdocs\listaTelefonica\Lib\Validador.php on line 40
[17-Apr-2021 06:10:21 Europe/Berlin] PHP Parse error:  syntax error, unexpected '=>' (T_DOUBLE_ARROW), expecting ']' in C:\xampp\htdocs\listaTelefonica\Controllers\UsuarioController.php on line 79
[17-Apr-2021 06:10:37 Europe/Berlin] PHP Fatal error:  Uncaught Error: Access to undeclared static property: Validador::$errors in C:\xampp\htdocs\listaTelefonica\Controllers\UsuarioController.php:79
Stack trace:
#0 C:\xampp\htdocs\listaTelefonica\Lib\Application.php(53): UsuarioController->cadastrarUsuario()
#1 C:\xampp\htdocs\listaTelefonica\index.php(6): Application->importarController()
#2 {main}
  thrown in C:\xampp\htdocs\listaTelefonica\Controllers\UsuarioController.php on line 79
[17-Apr-2021 06:11:35 Europe/Berlin] PHP Fatal error:  Uncaught Error: Access to undeclared static property: Validador::$errors in C:\xampp\htdocs\listaTelefonica\Controllers\UsuarioController.php:79
Stack trace:
#0 C:\xampp\htdocs\listaTelefonica\Lib\Application.php(53): UsuarioController->cadastrarUsuario()
#1 C:\xampp\htdocs\listaTelefonica\index.php(6): Application->importarController()
#2 {main}
  thrown in C:\xampp\htdocs\listaTelefonica\Controllers\UsuarioController.php on line 79
[17-Apr-2021 06:12:57 Europe/Berlin] PHP Fatal error:  Uncaught Error: Call to undefined method Validador::temErrors() in C:\xampp\htdocs\listaTelefonica\Views\cadastroUsuario.phtml:23
Stack trace:
#0 C:\xampp\htdocs\listaTelefonica\Lib\View.php(39): require_once()
#1 C:\xampp\htdocs\listaTelefonica\Lib\View.php(79): View->getConteudo()
#2 C:\xampp\htdocs\listaTelefonica\Controllers\UsuarioController.php(87): View->mostrarPagina()
#3 C:\xampp\htdocs\listaTelefonica\Lib\Application.php(53): UsuarioController->cadastrarUsuario()
#4 C:\xampp\htdocs\listaTelefonica\index.php(6): Application->importarController()
#5 {main}
  thrown in C:\xampp\htdocs\listaTelefonica\Views\cadastroUsuario.phtml on line 23
[17-Apr-2021 06:13:10 Europe/Berlin] PHP Fatal error:  Uncaught ArgumentCountError: Too few arguments to function Validador::temErros(), 0 passed in C:\xampp\htdocs\listaTelefonica\Views\cadastroUsuario.phtml on line 23 and exactly 1 expected in C:\xampp\htdocs\listaTelefonica\Lib\Validador.php:40
Stack trace:
#0 C:\xampp\htdocs\listaTelefonica\Views\cadastroUsuario.phtml(23): Validador::temErros()
#1 C:\xampp\htdocs\listaTelefonica\Lib\View.php(39): require_once('C:\\xampp\\htdocs...')
#2 C:\xampp\htdocs\listaTelefonica\Lib\View.php(79): View->getConteudo()
#3 C:\xampp\htdocs\listaTelefonica\Controllers\UsuarioController.php(87): View->mostrarPagina()
#4 C:\xampp\htdocs\listaTelefonica\Lib\Application.php(53): UsuarioController->cadastrarUsuario()
#5 C:\xampp\htdocs\listaTelefonica\index.php(6): Application->importarController()
#6 {main}
  thrown in C:\xampp\htdocs\listaTelefonica\Lib\Validador.php on line 40
[17-Apr-2021 06:13:34 Europe/Berlin] PHP Fatal error:  Uncaught Error: Using $this when not in object context in C:\xampp\htdocs\listaTelefonica\Lib\Validador.php:44
Stack trace:
#0 C:\xampp\htdocs\listaTelefonica\Views\cadastroUsuario.phtml(23): Validador::temErros('nm_u')
#1 C:\xampp\htdocs\listaTelefonica\Lib\View.php(39): require_once('C:\\xampp\\htdocs...')
#2 C:\xampp\htdocs\listaTelefonica\Lib\View.php(79): View->getConteudo()
#3 C:\xampp\htdocs\listaTelefonica\Controllers\UsuarioController.php(87): View->mostrarPagina()
#4 C:\xampp\htdocs\listaTelefonica\Lib\Application.php(53): UsuarioController->cadastrarUsuario()
#5 C:\xampp\htdocs\listaTelefonica\index.php(6): Application->importarController()
#6 {main}
  thrown in C:\xampp\htdocs\listaTelefonica\Lib\Validador.php on line 44
[17-Apr-2021 06:14:41 Europe/Berlin] PHP Fatal error:  Uncaught ArgumentCountError: Too few arguments to function Validador::temErros(), 1 passed in C:\xampp\htdocs\listaTelefonica\Views\cadastroUsuario.phtml on line 23 and exactly 2 expected in C:\xampp\htdocs\listaTelefonica\Lib\Validador.php:40
Stack trace:
#0 C:\xampp\htdocs\listaTelefonica\Views\cadastroUsuario.phtml(23): Validador::temErros('nm_u')
#1 C:\xampp\htdocs\listaTelefonica\Lib\View.php(39): require_once('C:\\xampp\\htdocs...')
#2 C:\xampp\htdocs\listaTelefonica\Lib\View.php(79): View->getConteudo()
#3 C:\xampp\htdocs\listaTelefonica\Controllers\UsuarioController.php(87): View->mostrarPagina()
#4 C:\xampp\htdocs\listaTelefonica\Lib\Application.php(53): UsuarioController->cadastrarUsuario()
#5 C:\xampp\htdocs\listaTelefonica\index.php(6): Application->importarController()
#6 {main}
  thrown in C:\xampp\htdocs\listaTelefonica\Lib\Validador.php on line 40
[17-Apr-2021 06:15:00 Europe/Berlin] PHP Notice:  Undefined variable: err in C:\xampp\htdocs\listaTelefonica\Views\cadastroUsuario.phtml on line 23
[17-Apr-2021 06:15:00 Europe/Berlin] PHP Fatal error:  Uncaught TypeError: Argument 2 passed to Validador::temErros() must be of the type array, null given, called in C:\xampp\htdocs\listaTelefonica\Views\cadastroUsuario.phtml on line 23 and defined in C:\xampp\htdocs\listaTelefonica\Lib\Validador.php:40
Stack trace:
#0 C:\xampp\htdocs\listaTelefonica\Views\cadastroUsuario.phtml(23): Validador::temErros('nm_u', NULL)
#1 C:\xampp\htdocs\listaTelefonica\Lib\View.php(39): require_once('C:\\xampp\\htdocs...')
#2 C:\xampp\htdocs\listaTelefonica\Lib\View.php(79): View->getConteudo()
#3 C:\xampp\htdocs\listaTelefonica\Controllers\UsuarioController.php(87): View->mostrarPagina()
#4 C:\xampp\htdocs\listaTelefonica\Lib\Application.php(53): UsuarioController->cadastrarUsuario()
#5 C:\xampp\htdocs\listaTelefonica\index.php(6): Application->importarController()
#6 {main}
  thrown in C:\xampp\htdocs\listaTelefonica\Lib\Validador.php on line 40
[17-Apr-2021 06:18:09 Europe/Berlin] PHP Fatal error:  Uncaught Error: Using $this when not in object context in C:\xampp\htdocs\listaTelefonica\Lib\Validador.php:43
Stack trace:
#0 C:\xampp\htdocs\listaTelefonica\Controllers\UsuarioController.php(79): Validador::setErros('nm_u', true)
#1 C:\xampp\htdocs\listaTelefonica\Lib\Application.php(53): UsuarioController->cadastrarUsuario()
#2 C:\xampp\htdocs\listaTelefonica\index.php(6): Application->importarController()
#3 {main}
  thrown in C:\xampp\htdocs\listaTelefonica\Lib\Validador.php on line 43
[17-Apr-2021 06:19:25 Europe/Berlin] PHP Notice:  Undefined variable: errors in C:\xampp\htdocs\listaTelefonica\Views\cadastroUsuario.phtml on line 23
[17-Apr-2021 06:19:25 Europe/Berlin] PHP Fatal error:  Uncaught TypeError: Argument 2 passed to Validador::temErros() must be of the type array, null given, called in C:\xampp\htdocs\listaTelefonica\Views\cadastroUsuario.phtml on line 23 and defined in C:\xampp\htdocs\listaTelefonica\Lib\Validador.php:46
Stack trace:
#0 C:\xampp\htdocs\listaTelefonica\Views\cadastroUsuario.phtml(23): Validador::temErros('nm_u', NULL)
#1 C:\xampp\htdocs\listaTelefonica\Lib\View.php(39): require_once('C:\\xampp\\htdocs...')
#2 C:\xampp\htdocs\listaTelefonica\Lib\View.php(79): View->getConteudo()
#3 C:\xampp\htdocs\listaTelefonica\Controllers\UsuarioController.php(87): View->mostrarPagina()
#4 C:\xampp\htdocs\listaTelefonica\Lib\Application.php(53): UsuarioController->cadastrarUsuario()
#5 C:\xampp\htdocs\listaTelefonica\index.php(6): Application->importarController()
#6 {main}
  thrown in C:\xampp\htdocs\listaTelefonica\Lib\Validador.php on line 46
[17-Apr-2021 06:20:48 Europe/Berlin] PHP Notice:  Undefined variable: errors in C:\xampp\htdocs\listaTelefonica\Views\cadastroUsuario.phtml on line 23
[17-Apr-2021 06:20:48 Europe/Berlin] PHP Fatal error:  Uncaught TypeError: Argument 2 passed to Validador::temErros() must be of the type array, null given, called in C:\xampp\htdocs\listaTelefonica\Views\cadastroUsuario.phtml on line 23 and defined in C:\xampp\htdocs\listaTelefonica\Lib\Validador.php:47
Stack trace:
#0 C:\xampp\htdocs\listaTelefonica\Views\cadastroUsuario.phtml(23): Validador::temErros('nm_u', NULL)
#1 C:\xampp\htdocs\listaTelefonica\Lib\View.php(39): require_once('C:\\xampp\\htdocs...')
#2 C:\xampp\htdocs\listaTelefonica\Lib\View.php(79): View->getConteudo()
#3 C:\xampp\htdocs\listaTelefonica\Controllers\UsuarioController.php(87): View->mostrarPagina()
#4 C:\xampp\htdocs\listaTelefonica\Lib\Application.php(53): UsuarioController->cadastrarUsuario()
#5 C:\xampp\htdocs\listaTelefonica\index.php(6): Application->importarController()
#6 {main}
  thrown in C:\xampp\htdocs\listaTelefonica\Lib\Validador.php on line 47
[17-Apr-2021 06:27:16 Europe/Berlin] PHP Fatal error:  Uncaught Error: Using $this when not in object context in C:\xampp\htdocs\listaTelefonica\Lib\Validador.php:42
Stack trace:
#0 C:\xampp\htdocs\listaTelefonica\Controllers\UsuarioController.php(79): Validador::setErros(Array)
#1 C:\xampp\htdocs\listaTelefonica\Lib\Application.php(53): UsuarioController->cadastrarUsuario()
#2 C:\xampp\htdocs\listaTelefonica\index.php(6): Application->importarController()
#3 {main}
  thrown in C:\xampp\htdocs\listaTelefonica\Lib\Validador.php on line 42
[17-Apr-2021 06:27:32 Europe/Berlin] PHP Fatal error:  Uncaught Error: Using $this when not in object context in C:\xampp\htdocs\listaTelefonica\Lib\Validador.php:42
Stack trace:
#0 C:\xampp\htdocs\listaTelefonica\Controllers\UsuarioController.php(79): Validador::setErros(Array)
#1 C:\xampp\htdocs\listaTelefonica\Lib\Application.php(53): UsuarioController->cadastrarUsuario()
#2 C:\xampp\htdocs\listaTelefonica\index.php(6): Application->importarController()
#3 {main}
  thrown in C:\xampp\htdocs\listaTelefonica\Lib\Validador.php on line 42
[17-Apr-2021 06:27:51 Europe/Berlin] PHP Fatal error:  Uncaught Error: Using $this when not in object context in C:\xampp\htdocs\listaTelefonica\Lib\Validador.php:42
Stack trace:
#0 C:\xampp\htdocs\listaTelefonica\Controllers\UsuarioController.php(79): Validador::setErros(Array)
#1 C:\xampp\htdocs\listaTelefonica\Lib\Application.php(53): UsuarioController->cadastrarUsuario()
#2 C:\xampp\htdocs\listaTelefonica\index.php(6): Application->importarController()
#3 {main}
  thrown in C:\xampp\htdocs\listaTelefonica\Lib\Validador.php on line 42
[17-Apr-2021 06:28:11 Europe/Berlin] PHP Parse error:  syntax error, unexpected '}' in C:\xampp\htdocs\listaTelefonica\Controllers\UsuarioController.php on line 80
[17-Apr-2021 06:33:02 Europe/Berlin] PHP Notice:  Undefined variable: erros in C:\xampp\htdocs\listaTelefonica\Views\cadastroUsuario.phtml on line 3
[17-Apr-2021 06:33:02 Europe/Berlin] PHP Warning:  array_key_exists() expects parameter 2 to be array, unknown given in C:\xampp\htdocs\listaTelefonica\Views\cadastroUsuario.phtml on line 3
[17-Apr-2021 06:33:15 Europe/Berlin] PHP Notice:  Undefined property: View::$erros in C:\xampp\htdocs\listaTelefonica\Views\cadastroUsuario.phtml on line 3
[17-Apr-2021 06:33:15 Europe/Berlin] PHP Warning:  array_key_exists() expects parameter 2 to be array, null given in C:\xampp\htdocs\listaTelefonica\Views\cadastroUsuario.phtml on line 3
[17-Apr-2021 06:33:46 Europe/Berlin] PHP Notice:  Undefined variable: usuario in C:\xampp\htdocs\listaTelefonica\Views\cadastroUsuario.phtml on line 3
[17-Apr-2021 06:33:46 Europe/Berlin] PHP Notice:  Trying to get property 'erros' of non-object in C:\xampp\htdocs\listaTelefonica\Views\cadastroUsuario.phtml on line 3
[17-Apr-2021 06:33:46 Europe/Berlin] PHP Warning:  array_key_exists() expects parameter 2 to be array, null given in C:\xampp\htdocs\listaTelefonica\Views\cadastroUsuario.phtml on line 3
[17-Apr-2021 06:35:00 Europe/Berlin] PHP Notice:  Undefined variable: c in C:\xampp\htdocs\listaTelefonica\Views\cadastroUsuario.phtml on line 3
[17-Apr-2021 06:35:00 Europe/Berlin] PHP Notice:  Trying to get property 'erros' of non-object in C:\xampp\htdocs\listaTelefonica\Views\cadastroUsuario.phtml on line 3
[17-Apr-2021 06:35:00 Europe/Berlin] PHP Warning:  array_key_exists() expects parameter 2 to be array, null given in C:\xampp\htdocs\listaTelefonica\Views\cadastroUsuario.phtml on line 3
[17-Apr-2021 06:35:16 Europe/Berlin] PHP Notice:  Undefined variable: c in C:\xampp\htdocs\listaTelefonica\Views\cadastroUsuario.phtml on line 3
[17-Apr-2021 06:35:16 Europe/Berlin] PHP Notice:  Undefined variable: erros in C:\xampp\htdocs\listaTelefonica\Views\cadastroUsuario.phtml on line 3
[17-Apr-2021 06:35:16 Europe/Berlin] PHP Notice:  Trying to get property '' of non-object in C:\xampp\htdocs\listaTelefonica\Views\cadastroUsuario.phtml on line 3
[17-Apr-2021 06:35:16 Europe/Berlin] PHP Warning:  array_key_exists() expects parameter 2 to be array, null given in C:\xampp\htdocs\listaTelefonica\Views\cadastroUsuario.phtml on line 3
[17-Apr-2021 06:38:05 Europe/Berlin] PHP Fatal error:  Uncaught Error: Call to undefined method View::setErros() in C:\xampp\htdocs\listaTelefonica\Controllers\UsuarioController.php:79
Stack trace:
#0 C:\xampp\htdocs\listaTelefonica\Lib\Application.php(53): UsuarioController->cadastrarUsuario()
#1 C:\xampp\htdocs\listaTelefonica\index.php(6): Application->importarController()
#2 {main}
  thrown in C:\xampp\htdocs\listaTelefonica\Controllers\UsuarioController.php on line 79
[17-Apr-2021 06:38:14 Europe/Berlin] PHP Notice:  Undefined variable: c in C:\xampp\htdocs\listaTelefonica\Views\cadastroUsuario.phtml on line 3
[17-Apr-2021 06:38:14 Europe/Berlin] PHP Notice:  Undefined variable: erros in C:\xampp\htdocs\listaTelefonica\Views\cadastroUsuario.phtml on line 3
[17-Apr-2021 06:38:14 Europe/Berlin] PHP Notice:  Trying to get property '' of non-object in C:\xampp\htdocs\listaTelefonica\Views\cadastroUsuario.phtml on line 3
[17-Apr-2021 06:38:14 Europe/Berlin] PHP Warning:  array_key_exists() expects parameter 2 to be array, null given in C:\xampp\htdocs\listaTelefonica\Views\cadastroUsuario.phtml on line 3
[17-Apr-2021 06:38:45 Europe/Berlin] PHP Notice:  Undefined variable: erros in C:\xampp\htdocs\listaTelefonica\Views\cadastroUsuario.phtml on line 3
[17-Apr-2021 06:38:45 Europe/Berlin] PHP Notice:  Undefined property: View::$ in C:\xampp\htdocs\listaTelefonica\Views\cadastroUsuario.phtml on line 3
[17-Apr-2021 06:38:45 Europe/Berlin] PHP Warning:  array_key_exists() expects parameter 2 to be array, null given in C:\xampp\htdocs\listaTelefonica\Views\cadastroUsuario.phtml on line 3
[17-Apr-2021 06:38:54 Europe/Berlin] PHP Notice:  Undefined property: View::$erros in C:\xampp\htdocs\listaTelefonica\Views\cadastroUsuario.phtml on line 3
[17-Apr-2021 06:38:54 Europe/Berlin] PHP Warning:  array_key_exists() expects parameter 2 to be array, null given in C:\xampp\htdocs\listaTelefonica\Views\cadastroUsuario.phtml on line 3
[17-Apr-2021 06:39:25 Europe/Berlin] PHP Notice:  Array to string conversion in C:\xampp\htdocs\listaTelefonica\Views\logarUsuario.phtml on line 14
[17-Apr-2021 06:43:53 Europe/Berlin] PHP Fatal error:  Uncaught Error: Call to undefined function Validador() in C:\xampp\htdocs\listaTelefonica\Views\cadastroUsuario.phtml:27
Stack trace:
#0 C:\xampp\htdocs\listaTelefonica\Lib\View.php(39): require_once()
#1 C:\xampp\htdocs\listaTelefonica\Lib\View.php(79): View->getConteudo()
#2 C:\xampp\htdocs\listaTelefonica\Controllers\UsuarioController.php(87): View->mostrarPagina()
#3 C:\xampp\htdocs\listaTelefonica\Lib\Application.php(53): UsuarioController->cadastrarUsuario()
#4 C:\xampp\htdocs\listaTelefonica\index.php(6): Application->importarController()
#5 {main}
  thrown in C:\xampp\htdocs\listaTelefonica\Views\cadastroUsuario.phtml on line 27
[17-Apr-2021 06:46:19 Europe/Berlin] PHP Fatal error:  Uncaught ArgumentCountError: Too few arguments to function View::setError(), 2 passed in C:\xampp\htdocs\listaTelefonica\Controllers\UsuarioController.php on line 79 and exactly 3 expected in C:\xampp\htdocs\listaTelefonica\Lib\View.php:25
Stack trace:
#0 C:\xampp\htdocs\listaTelefonica\Controllers\UsuarioController.php(79): View->setError('nm_u', true)
#1 C:\xampp\htdocs\listaTelefonica\Lib\Application.php(53): UsuarioController->cadastrarUsuario()
#2 C:\xampp\htdocs\listaTelefonica\index.php(6): Application->importarController()
#3 {main}
  thrown in C:\xampp\htdocs\listaTelefonica\Lib\View.php on line 25
[17-Apr-2021 06:50:13 Europe/Berlin] PHP Notice:  Array to string conversion in C:\xampp\htdocs\listaTelefonica\Views\logarUsuario.phtml on line 14
[17-Apr-2021 06:50:46 Europe/Berlin] PHP Fatal error:  Uncaught Error: Call to undefined method Application::err404() in C:\xampp\htdocs\listaTelefonica\Lib\Application.php:45
Stack trace:
#0 C:\xampp\htdocs\listaTelefonica\index.php(6): Application->importarController()
#1 {main}
  thrown in C:\xampp\htdocs\listaTelefonica\Lib\Application.php on line 45
[17-Apr-2021 06:59:34 Europe/Berlin] PHP Notice:  Undefined variable: o_view in C:\xampp\htdocs\listaTelefonica\Controllers\ContatoController.php on line 50
[17-Apr-2021 06:59:34 Europe/Berlin] PHP Fatal error:  Uncaught Error: Call to a member function setError() on null in C:\xampp\htdocs\listaTelefonica\Controllers\ContatoController.php:50
Stack trace:
#0 C:\xampp\htdocs\listaTelefonica\Lib\Application.php(53): ContatoController->manterContatos()
#1 C:\xampp\htdocs\listaTelefonica\index.php(6): Application->importarController()
#2 {main}
  thrown in C:\xampp\htdocs\listaTelefonica\Controllers\ContatoController.php on line 50
